<?xml version="1.0"?>
<!DOCTYPE coverage SYSTEM "http://cobertura.sourceforge.net/xml/coverage-04.dtd">

<coverage line-rate="0.9206349206349206" branch-rate="1.0" lines-covered="58" lines-valid="63" branches-covered="14" branches-valid="14" complexity="1.5789473684210527" version="2.1.1" timestamp="1511344417154">
	<sources>
		<source>--source</source>
		<source>C:/maven-calcutta-workspace/apmm/src/main/java</source>
	</sources>
	<packages>
		<package name="com.example" line-rate="0.9767441860465116" branch-rate="1.0" complexity="2.2222222222222223">
			<classes>
				<class name="com.example.PayrollService" filename="com/example/PayrollService.java" line-rate="1.0" branch-rate="1.0" complexity="3.0">
					<methods>
						<method name="&lt;init&gt;" signature="()V" line-rate="1.0" branch-rate="1.0" complexity="0">
							<lines>
								<line number="5" hits="16" branch="false"/>
							</lines>
						</method>
						<method name="da" signature="(D)D" line-rate="1.0" branch-rate="1.0" complexity="0">
							<lines>
								<line number="16" hits="8" branch="true" condition-coverage="100% (2/2)">
									<conditions>
										<condition number="0" type="jump" coverage="100%"/>
									</conditions>
								</line>
								<line number="17" hits="4" branch="false"/>
								<line number="19" hits="4" branch="false"/>
							</lines>
						</method>
						<method name="hra" signature="(D)D" line-rate="1.0" branch-rate="1.0" complexity="0">
							<lines>
								<line number="8" hits="8" branch="true" condition-coverage="100% (2/2)">
									<conditions>
										<condition number="0" type="jump" coverage="100%"/>
									</conditions>
								</line>
								<line number="9" hits="4" branch="false"/>
								<line number="11" hits="4" branch="false"/>
							</lines>
						</method>
					</methods>
					<lines>
						<line number="5" hits="16" branch="false"/>
						<line number="8" hits="8" branch="true" condition-coverage="100% (2/2)">
							<conditions>
								<condition number="0" type="jump" coverage="100%"/>
							</conditions>
						</line>
						<line number="9" hits="4" branch="false"/>
						<line number="11" hits="4" branch="false"/>
						<line number="16" hits="8" branch="true" condition-coverage="100% (2/2)">
							<conditions>
								<condition number="0" type="jump" coverage="100%"/>
							</conditions>
						</line>
						<line number="17" hits="4" branch="false"/>
						<line number="19" hits="4" branch="false"/>
					</lines>
				</class>
				<class name="com.example.ShoppingService" filename="com/example/ShoppingService.java" line-rate="0.9722222222222222" branch-rate="1.0" complexity="2.0">
					<methods>
						<method name="&lt;init&gt;" signature="()V" line-rate="1.0" branch-rate="1.0" complexity="0">
							<lines>
								<line number="11" hits="56" branch="false"/>
								<line number="13" hits="56" branch="false"/>
							</lines>
						</method>
						<method name="addItem" signature="(Lcom/example/model/Product;)V" line-rate="1.0" branch-rate="1.0" complexity="0">
							<lines>
								<line number="16" hits="116" branch="false"/>
								<line number="17" hits="116" branch="true" condition-coverage="100% (2/2)">
									<conditions>
										<condition number="0" type="jump" coverage="100%"/>
									</conditions>
								</line>
								<line number="18" hits="28" branch="false"/>
								<line number="19" hits="28" branch="false"/>
								<line number="20" hits="28" branch="false"/>
								<line number="21" hits="88" branch="false"/>
								<line number="24" hits="116" branch="false"/>
							</lines>
						</method>
						<method name="cartDetails" signature="()Ljava/util/Collection;" line-rate="1.0" branch-rate="1.0" complexity="0">
							<lines>
								<line number="38" hits="16" branch="false"/>
							</lines>
						</method>
						<method name="countItems" signature="()I" line-rate="1.0" branch-rate="1.0" complexity="0">
							<lines>
								<line number="28" hits="32" branch="false"/>
								<line number="29" hits="32" branch="false"/>
								<line number="30" hits="32" branch="true" condition-coverage="100% (2/2)">
									<conditions>
										<condition number="0" type="jump" coverage="100%"/>
									</conditions>
								</line>
								<line number="31" hits="28" branch="false"/>
								<line number="32" hits="28" branch="false"/>
								<line number="33" hits="32" branch="false"/>
							</lines>
						</method>
						<method name="emptyCart" signature="()V" line-rate="1.0" branch-rate="1.0" complexity="0">
							<lines>
								<line number="77" hits="4" branch="false"/>
								<line number="78" hits="4" branch="false"/>
							</lines>
						</method>
						<method name="placeOrder" signature="()Ljava/lang/String;" line-rate="0.75" branch-rate="1.0" complexity="0">
							<lines>
								<line number="69" hits="16" branch="false"/>
								<line number="70" hits="0" branch="false"/>
								<line number="72" hits="16" branch="false"/>
								<line number="73" hits="16" branch="false"/>
							</lines>
						</method>
						<method name="removeItem" signature="(I)V" line-rate="1.0" branch-rate="1.0" complexity="0">
							<lines>
								<line number="43" hits="16" branch="true" condition-coverage="100% (2/2)">
									<conditions>
										<condition number="0" type="jump" coverage="100%"/>
									</conditions>
								</line>
								<line number="44" hits="4" branch="false"/>
								<line number="46" hits="12" branch="false"/>
								<line number="47" hits="12" branch="true" condition-coverage="100% (2/2)">
									<conditions>
										<condition number="0" type="jump" coverage="100%"/>
									</conditions>
								</line>
								<line number="48" hits="4" branch="false"/>
								<line number="50" hits="8" branch="false"/>
								<line number="52" hits="12" branch="false"/>
							</lines>
						</method>
						<method name="totalPrice" signature="()D" line-rate="1.0" branch-rate="1.0" complexity="0">
							<lines>
								<line number="56" hits="8" branch="false"/>
								<line number="57" hits="8" branch="false"/>
								<line number="58" hits="8" branch="true" condition-coverage="100% (2/2)">
									<conditions>
										<condition number="0" type="jump" coverage="100%"/>
									</conditions>
								</line>
								<line number="59" hits="12" branch="false"/>
								<line number="60" hits="12" branch="false"/>
								<line number="61" hits="12" branch="false"/>
								<line number="62" hits="8" branch="false"/>
							</lines>
						</method>
					</methods>
					<lines>
						<line number="11" hits="56" branch="false"/>
						<line number="13" hits="56" branch="false"/>
						<line number="16" hits="116" branch="false"/>
						<line number="17" hits="116" branch="true" condition-coverage="100% (2/2)">
							<conditions>
								<condition number="0" type="jump" coverage="100%"/>
							</conditions>
						</line>
						<line number="18" hits="28" branch="false"/>
						<line number="19" hits="28" branch="false"/>
						<line number="20" hits="28" branch="false"/>
						<line number="21" hits="88" branch="false"/>
						<line number="24" hits="116" branch="false"/>
						<line number="28" hits="32" branch="false"/>
						<line number="29" hits="32" branch="false"/>
						<line number="30" hits="32" branch="true" condition-coverage="100% (2/2)">
							<conditions>
								<condition number="0" type="jump" coverage="100%"/>
							</conditions>
						</line>
						<line number="31" hits="28" branch="false"/>
						<line number="32" hits="28" branch="false"/>
						<line number="33" hits="32" branch="false"/>
						<line number="38" hits="16" branch="false"/>
						<line number="43" hits="16" branch="true" condition-coverage="100% (2/2)">
							<conditions>
								<condition number="0" type="jump" coverage="100%"/>
							</conditions>
						</line>
						<line number="44" hits="4" branch="false"/>
						<line number="46" hits="12" branch="false"/>
						<line number="47" hits="12" branch="true" condition-coverage="100% (2/2)">
							<conditions>
								<condition number="0" type="jump" coverage="100%"/>
							</conditions>
						</line>
						<line number="48" hits="4" branch="false"/>
						<line number="50" hits="8" branch="false"/>
						<line number="52" hits="12" branch="false"/>
						<line number="56" hits="8" branch="false"/>
						<line number="57" hits="8" branch="false"/>
						<line number="58" hits="8" branch="true" condition-coverage="100% (2/2)">
							<conditions>
								<condition number="0" type="jump" coverage="100%"/>
							</conditions>
						</line>
						<line number="59" hits="12" branch="false"/>
						<line number="60" hits="12" branch="false"/>
						<line number="61" hits="12" branch="false"/>
						<line number="62" hits="8" branch="false"/>
						<line number="69" hits="16" branch="false"/>
						<line number="70" hits="0" branch="false"/>
						<line number="72" hits="16" branch="false"/>
						<line number="73" hits="16" branch="false"/>
						<line number="77" hits="4" branch="false"/>
						<line number="78" hits="4" branch="false"/>
					</lines>
				</class>
			</classes>
		</package>
		<package name="com.example.exception" line-rate="1.0" branch-rate="1.0" complexity="1.0">
			<classes>
				<class name="com.example.exception.InvalidProductException" filename="com/example/exception/InvalidProductException.java" line-rate="1.0" branch-rate="1.0" complexity="1.0">
					<methods>
						<method name="&lt;init&gt;" signature="(Ljava/lang/String;)V" line-rate="1.0" branch-rate="1.0" complexity="0">
							<lines>
								<line number="6" hits="4" branch="false"/>
								<line number="7" hits="4" branch="false"/>
							</lines>
						</method>
					</methods>
					<lines>
						<line number="6" hits="4" branch="false"/>
						<line number="7" hits="4" branch="false"/>
					</lines>
				</class>
				<class name="com.example.exception.InvalidSalaryException" filename="com/example/exception/InvalidSalaryException.java" line-rate="1.0" branch-rate="1.0" complexity="1.0">
					<methods>
						<method name="&lt;init&gt;" signature="(Ljava/lang/String;)V" line-rate="1.0" branch-rate="1.0" complexity="0">
							<lines>
								<line number="6" hits="8" branch="false"/>
								<line number="7" hits="8" branch="false"/>
							</lines>
						</method>
					</methods>
					<lines>
						<line number="6" hits="8" branch="false"/>
						<line number="7" hits="8" branch="false"/>
					</lines>
				</class>
			</classes>
		</package>
		<package name="com.example.model" line-rate="0.75" branch-rate="1.0" complexity="1.0">
			<classes>
				<class name="com.example.model.Product" filename="com/example/model/Product.java" line-rate="0.75" branch-rate="1.0" complexity="1.0">
					<methods>
						<method name="&lt;init&gt;" signature="(ILjava/lang/String;DI)V" line-rate="1.0" branch-rate="1.0" complexity="0">
							<lines>
								<line number="10" hits="92" branch="false"/>
								<line number="11" hits="92" branch="false"/>
								<line number="12" hits="92" branch="false"/>
								<line number="13" hits="92" branch="false"/>
								<line number="14" hits="92" branch="false"/>
								<line number="15" hits="92" branch="false"/>
							</lines>
						</method>
						<method name="getId" signature="()I" line-rate="1.0" branch-rate="1.0" complexity="0">
							<lines>
								<line number="18" hits="120" branch="false"/>
							</lines>
						</method>
						<method name="getName" signature="()Ljava/lang/String;" line-rate="1.0" branch-rate="1.0" complexity="0">
							<lines>
								<line number="22" hits="4" branch="false"/>
							</lines>
						</method>
						<method name="getPrice" signature="()D" line-rate="1.0" branch-rate="1.0" complexity="0">
							<lines>
								<line number="30" hits="12" branch="false"/>
							</lines>
						</method>
						<method name="getQty" signature="()I" line-rate="1.0" branch-rate="1.0" complexity="0">
							<lines>
								<line number="38" hits="92" branch="false"/>
							</lines>
						</method>
						<method name="setName" signature="(Ljava/lang/String;)V" line-rate="0.0" branch-rate="1.0" complexity="0">
							<lines>
								<line number="26" hits="0" branch="false"/>
								<line number="27" hits="0" branch="false"/>
							</lines>
						</method>
						<method name="setPrice" signature="(D)V" line-rate="0.0" branch-rate="1.0" complexity="0">
							<lines>
								<line number="34" hits="0" branch="false"/>
								<line number="35" hits="0" branch="false"/>
							</lines>
						</method>
						<method name="setQty" signature="(I)V" line-rate="1.0" branch-rate="1.0" complexity="0">
							<lines>
								<line number="42" hits="36" branch="false"/>
								<line number="43" hits="36" branch="false"/>
							</lines>
						</method>
					</methods>
					<lines>
						<line number="10" hits="92" branch="false"/>
						<line number="11" hits="92" branch="false"/>
						<line number="12" hits="92" branch="false"/>
						<line number="13" hits="92" branch="false"/>
						<line number="14" hits="92" branch="false"/>
						<line number="15" hits="92" branch="false"/>
						<line number="18" hits="120" branch="false"/>
						<line number="22" hits="4" branch="false"/>
						<line number="26" hits="0" branch="false"/>
						<line number="27" hits="0" branch="false"/>
						<line number="30" hits="12" branch="false"/>
						<line number="34" hits="0" branch="false"/>
						<line number="35" hits="0" branch="false"/>
						<line number="38" hits="92" branch="false"/>
						<line number="42" hits="36" branch="false"/>
						<line number="43" hits="36" branch="false"/>
					</lines>
				</class>
			</classes>
		</package>
	</packages>
</coverage>
