<?xml version="1.0" encoding="UTF-8" ?>
<testsuite tests="14" failures="0" name="com.example.ShoppingServiceTest" time="24.008" errors="0" skipped="0">
  <properties>
[...]
</properties>
  <testcase classname="com.example.ShoppingServiceTest" name="addingLaptopInCartShouldAddLaptopOnly" time="0.001"/>
  <testcase classname="com.example.ShoppingServiceTest" name="removingItemCompletelyFromCartShouldRemoveItFromCart" time="0"/>
  <testcase classname="com.example.ShoppingServiceTest" name="addingMultipleItemsShouldIncreaseCartSize" time="0"/>
  <testcase classname="com.example.ShoppingServiceTest" name="cartDetailsAreNilIfEmptyCart" time="0"/>
  <testcase classname="com.example.ShoppingServiceTest" name="cartPriceShouldBeAccurate" time="0"/>
  <testcase classname="com.example.ShoppingServiceTest" name="addingDuplicateItemShouldIncreaseSameItemSize" time="0"/>
  <testcase classname="com.example.ShoppingServiceTest" name="removingNonExistantItemFromCartShouldYieldException" time="0"/>
  <testcase classname="com.example.ShoppingServiceTest" name="addingItemInCartShouldMakeCartSizeToBeOne" time="0"/>
  <testcase classname="com.example.ShoppingServiceTest" name="removingItemFromCartShouldReduceSizeByOne" time="0"/>
  <testcase classname="com.example.ShoppingServiceTest" name="emptyCartPriceShouldBeNil" time="0.004"/>
  <testcase classname="com.example.ShoppingServiceTest" name="emptyingCartShouldZeroizeCart" time="0"/>
  <testcase classname="com.example.ShoppingServiceTest" name="placeOrderShouldSaveOrderInDBWithOrderNumber" time="17.999"/>
  <testcase classname="com.example.ShoppingServiceTest" name="emptyCartShouldHaveZeroItems" time="0"/>
  <testcase classname="com.example.ShoppingServiceTest" name="placeOrderShouldTakeLessThenFiveSecondsOnlyForSLA" time="6.004"/>
</testsuite>